2025-05-04 18:21:43
/home/santiago/Documents/working_dirs/jobtrendx

INFO: [email_processor in email_processor.py]
	- EmailProcessor: Processed 953 emails successfully.

INFO: [analysis in analysis.py]
	- 
The DataFrame from the emails extrcted, with column:
	['file_path', 'eml_lang', 'job_title', 'location', 'skills', 'salary_min', 'salary_max', 'salary_unit', 'language']


INFO: [analysis in analysis.py]
	- 
The DataFrame columns terms are unified


INFO: [statistics in statistics.py]
	- Job title summary:
   Total  Valid  Missing  Unique col
0    656    650        6          10job_title
Data Scientist                      241
Data Engineer                       167
Data Analyst                        146
Business Intelligence                24
Machine Learning Engineer            23
Business Analyst                     19
Data Architect                       17
Scientist                             6
Artificial Intelligence Engineer      6
Software Developer                    1
Name: count, dtype: int64


INFO: [statistics in statistics.py]
	- Skills summary:
   Total  Valid  Missing  Unique Items
0    656    656        0           121Python                     422
Computer Science           383
SQL                        369
IT                         269
Mathematics                261
Machine Learning           220
Artificial Intelligence    200
Optimization               193
Name: count, dtype: int64


INFO: [statistics in statistics.py]
	- Languages summary:
   Total  Valid  Missing  Unique Items
0    656    656        0             2German     593
English    255
Name: count, dtype: int64


INFO: [statistics in statistics.py]
	- Salary_min Summary:
   Total  Valid  Missing          Mean    Std Dev      Min      Max
0    656    560       96  55538.749104  8530.8204  32760.0  88400.0

INFO: [statistics in statistics.py]
	- Salary_max Summary:
   Total  Valid  Missing          Mean       Std Dev      Min       Max
0    656    560       96  77742.284946  10164.456108  48000.0  110500.0

INFO: [statistics in statistics.py]
	- Skills category summary:
   Total  Valid  Missing  Unique Categories
0    656    656        0                 23Majors                             1318
Languages                          1115
Optimization                        418
Machine Learning                    382
AI                                  378
Cloud Platforms                     336
Data Engineering                    285
Business Intelligence Platforms     266
Version Control                     179
Project Management                  137
Databases                           133
Statistical Tools                   103
Soft Skills                          96
Data Processing                      86
Data Exchange                        74
Big Data                             55
Data Science Methods                 48
Academic Degrees                     39
Operating Systems                    32
Ethics and Law                       16
Python Visualization Libraries       15
Natural Language                     10
Dev Tools                             8
Name: Count, dtype: int64


INFO: [statistics in statistics.py]
	- Analyzing each category of skills.


